2025-03-21 02:21:25,939 - scraper - INFO - Driver de Chrome iniciado correctamente
2025-03-21 02:21:27,445 - scraper - INFO - Login exitoso
2025-03-21 02:21:27,546 - scraper - INFO - Se encontraron 6 productos
2025-03-21 02:21:29,014 - scraper - INFO - Se extrajeron datos de 6 productos correctamente
2025-03-21 02:21:31,441 - scraper - INFO - Driver cerrado correctamente
2025-03-21 02:31:04,198 - scraper - INFO - Driver de Chrome iniciado correctamente
2025-03-21 02:31:06,518 - scraper - INFO - Login exitoso
2025-03-21 02:31:06,733 - scraper - INFO - Se encontraron 6 productos
2025-03-21 02:31:08,287 - scraper - INFO - Se extrajeron datos de 6 productos correctamente
2025-03-21 02:31:11,017 - scraper - INFO - Driver cerrado correctamente
2025-03-21 02:32:54,090 - scraper - INFO - Driver de Chrome iniciado correctamente
2025-03-21 02:32:57,754 - scraper - INFO - Login exitoso
2025-03-21 02:32:57,940 - scraper - INFO - Se encontraron 6 productos
2025-03-21 02:33:02,803 - scraper - INFO - Se extrajeron datos de 6 productos correctamente
2025-03-21 02:33:07,800 - scraper - INFO - Driver cerrado correctamente
2025-03-21 06:10:14,102 - scraper - INFO - Driver de Chrome iniciado correctamente
2025-03-21 06:10:16,382 - scraper - INFO - Login exitoso
2025-03-21 06:10:16,464 - scraper - INFO - Se encontraron 6 productos
2025-03-21 06:10:18,193 - scraper - INFO - Se extrajeron datos de 6 productos correctamente
2025-03-21 06:10:20,708 - scraper - INFO - Driver cerrado correctamente
2025-03-21 07:16:47,893 - scraper - INFO - Driver de Chrome iniciado correctamente
2025-03-21 07:16:49,986 - scraper - INFO - Login exitoso
2025-03-21 07:16:50,064 - scraper - INFO - Se encontraron 6 productos
2025-03-21 07:16:51,251 - scraper - INFO - Se extrajeron datos de 6 productos correctamente
2025-03-21 07:16:53,772 - scraper - INFO - Driver cerrado correctamente
2025-03-21 09:25:04,427 - scraper - INFO - Driver de Chrome iniciado correctamente
2025-03-21 09:25:05,681 - scraper - INFO - Login exitoso
2025-03-21 09:25:05,733 - scraper - INFO - Se encontraron 6 productos
2025-03-21 09:25:07,155 - scraper - INFO - Se extrajeron datos de 6 productos correctamente
2025-03-21 09:25:09,425 - scraper - INFO - Driver cerrado correctamente
2025-03-21 18:14:47,795 - scraper - INFO - Driver de Chrome iniciado correctamente
2025-03-21 18:14:48,728 - scraper - INFO - Login exitoso
2025-03-21 18:14:50,971 - scraper - INFO - Driver cerrado correctamente
2025-03-21 18:14:54,268 - scraper - INFO - Driver de Chrome iniciado correctamente
2025-03-21 18:14:55,111 - scraper - INFO - Login exitoso
2025-03-21 18:14:55,145 - scraper - INFO - Se encontraron 6 productos
2025-03-21 18:14:55,898 - scraper - INFO - Se extrajeron datos de 6 productos correctamente
2025-03-21 18:14:58,224 - scraper - INFO - Driver cerrado correctamente
2025-03-21 18:17:14,138 - scraper - INFO - Driver de Chrome iniciado correctamente
2025-03-21 18:17:15,023 - scraper - INFO - Login exitoso
2025-03-21 18:17:17,256 - scraper - INFO - Driver cerrado correctamente
2025-03-21 18:17:20,462 - scraper - INFO - Driver de Chrome iniciado correctamente
2025-03-21 18:17:21,529 - scraper - INFO - Login exitoso
2025-03-21 18:17:21,559 - scraper - INFO - Se encontraron 6 productos
2025-03-21 18:17:22,141 - scraper - INFO - Se extrajeron datos de 6 productos correctamente
2025-03-21 18:17:24,346 - scraper - INFO - Driver cerrado correctamente
2025-03-21 18:19:21,385 - scraper - INFO - Driver de Chrome iniciado correctamente
2025-03-21 18:19:22,282 - scraper - INFO - Login exitoso
2025-03-21 18:19:24,515 - scraper - INFO - Driver cerrado correctamente
2025-03-21 18:19:27,718 - scraper - INFO - Driver de Chrome iniciado correctamente
2025-03-21 18:19:28,466 - scraper - INFO - Login exitoso
2025-03-21 18:19:28,498 - scraper - INFO - Se encontraron 6 productos
2025-03-21 18:19:29,175 - scraper - INFO - Se extrajeron datos de 6 productos correctamente
2025-03-21 18:19:31,465 - scraper - INFO - Driver cerrado correctamente
