2025-03-20 19:56:27,078 - scraper - INFO - Driver de Chrome iniciado correctamente
2025-03-20 19:56:28,777 - scraper - INFO - Login exitoso
2025-03-20 19:56:28,827 - scraper - INFO - Se encontraron 6 productos
2025-03-20 19:56:29,572 - scraper - INFO - Se extrajeron datos de 6 productos correctamente
2025-03-20 19:56:31,870 - scraper - INFO - Driver cerrado correctamente
2025-03-20 20:07:51,134 - scraper - INFO - Driver de Chrome iniciado correctamente
2025-03-20 20:07:52,140 - scraper - INFO - Login exitoso
2025-03-20 20:07:52,166 - scraper - INFO - Se encontraron 6 productos
2025-03-20 20:07:52,750 - scraper - INFO - Se extrajeron datos de 6 productos correctamente
2025-03-20 20:07:54,989 - scraper - INFO - Driver cerrado correctamente
2025-03-20 20:09:01,528 - scraper - INFO - Driver de Chrome iniciado correctamente
2025-03-20 20:09:02,680 - scraper - INFO - Login exitoso
2025-03-20 20:09:02,724 - scraper - INFO - Se encontraron 6 productos
2025-03-20 20:09:03,612 - scraper - INFO - Se extrajeron datos de 6 productos correctamente
2025-03-20 20:09:05,885 - scraper - INFO - Driver cerrado correctamente
2025-03-20 20:10:07,422 - scraper - INFO - Driver de Chrome iniciado correctamente
2025-03-20 20:10:08,572 - scraper - INFO - Login exitoso
2025-03-20 20:10:08,618 - scraper - INFO - Se encontraron 6 productos
2025-03-20 20:10:09,443 - scraper - INFO - Se extrajeron datos de 6 productos correctamente
2025-03-20 20:10:11,686 - scraper - INFO - Driver cerrado correctamente
2025-03-20 20:11:38,399 - scraper - INFO - Driver de Chrome iniciado correctamente
2025-03-20 20:11:39,452 - scraper - INFO - Login exitoso
2025-03-20 20:11:39,478 - scraper - INFO - Se encontraron 6 productos
2025-03-20 20:11:40,019 - scraper - INFO - Se extrajeron datos de 6 productos correctamente
2025-03-20 20:11:42,256 - scraper - INFO - Driver cerrado correctamente
2025-03-20 20:17:19,216 - scraper - INFO - Driver de Chrome iniciado correctamente
2025-03-20 20:17:20,019 - scraper - INFO - Login exitoso
2025-03-20 20:17:20,057 - scraper - INFO - Se encontraron 6 productos
2025-03-20 20:17:20,586 - scraper - INFO - Se extrajeron datos de 6 productos correctamente
2025-03-20 20:17:22,810 - scraper - INFO - Driver cerrado correctamente
